\BOOKMARK [1][-]{section.0.1}{Math}{}% 1
\BOOKMARK [2][-]{subsection.0.1.1}{Exp. und Log.}{section.0.1}% 2
\BOOKMARK [2][-]{subsection.0.1.2}{Matrizen}{section.0.1}% 3
\BOOKMARK [3][-]{subsubsection.0.1.2.1}{Quadratische Matrizen A Kn n}{subsection.0.1.2}% 4
\BOOKMARK [3][-]{subsubsection.0.1.2.2}{Determinante}{subsection.0.1.2}% 5
\BOOKMARK [3][-]{subsubsection.0.1.2.3}{Eigenwerte \(EW\) \040und Eigenvektoren \(EV\) v}{subsection.0.1.2}% 6
\BOOKMARK [3][-]{subsubsection.0.1.2.4}{Spezialfall 2 2 Matrix A}{subsection.0.1.2}% 7
\BOOKMARK [3][-]{subsubsection.0.1.2.5}{Differentiation}{subsection.0.1.2}% 8
\BOOKMARK [3][-]{subsubsection.0.1.2.6}{Ableitungsregeln \(, R\)}{subsection.0.1.2}% 9
\BOOKMARK [2][-]{subsection.0.1.3}{Integrale exdx = ex = \(ex\)'}{section.0.1}% 10
\BOOKMARK [3][-]{subsubsection.0.1.3.1}{Volumen und Oberfl\344che von Rotationsk\366rpern um x-Achse}{subsection.0.1.3}% 11
\BOOKMARK [1][-]{section.0.2}{Probability Theory Basics}{}% 12
\BOOKMARK [2][-]{subsection.0.2.1}{Kombinatorik}{section.0.2}% 13
\BOOKMARK [2][-]{subsection.0.2.2}{Der Wahrscheinlichkeitsraum \(,F,\266\)}{section.0.2}% 14
\BOOKMARK [2][-]{subsection.0.2.3}{Wahrscheinlichkeitsma\337 \266}{section.0.2}% 15
\BOOKMARK [3][-]{subsubsection.0.2.3.1}{Axiome von Kolmogorow}{subsection.0.2.3}% 16
\BOOKMARK [2][-]{subsection.0.2.4}{Bedingte Wahrscheinlichkeit}{section.0.2}% 17
\BOOKMARK [3][-]{subsubsection.0.2.4.1}{Totale Wahrscheinlichkeit und Satz von Bayes}{subsection.0.2.4}% 18
\BOOKMARK [2][-]{subsection.0.2.5}{Zufallsvariable}{section.0.2}% 19
\BOOKMARK [2][-]{subsection.0.2.6}{Distribution}{section.0.2}% 20
\BOOKMARK [2][-]{subsection.0.2.7}{Relations}{section.0.2}% 21
\BOOKMARK [2][-]{subsection.0.2.8}{Bedingte Zufallsvariablen}{section.0.2}% 22
\BOOKMARK [2][-]{subsection.0.2.9}{Unabh\344ngigkeit von Zufallsvariablen}{section.0.2}% 23
\BOOKMARK [1][-]{section.0.3}{Common Distributions}{}% 24
\BOOKMARK [2][-]{subsection.0.3.1}{Binomialverteilung B\(n,p\) mit p [0,1], n N}{section.0.3}% 25
\BOOKMARK [2][-]{subsection.0.3.2}{Normalverteilung}{section.0.3}% 26
\BOOKMARK [2][-]{subsection.0.3.3}{Sonstiges}{section.0.3}% 27
\BOOKMARK [1][-]{section.0.4}{Wichtige Parameter}{}% 28
\BOOKMARK [2][-]{subsection.0.4.1}{Erwartungswert \(1. Moment\)}{section.0.4}% 29
\BOOKMARK [3][-]{subsubsection.0.4.1.1}{F\374r Funktionen von Zufallsvariablen g\(x\)}{subsection.0.4.1}% 30
\BOOKMARK [2][-]{subsection.0.4.2}{Varianz \(2. zentrales Moment\)}{section.0.4}% 31
\BOOKMARK [2][-]{subsection.0.4.3}{Kovarianz}{section.0.4}% 32
\BOOKMARK [3][-]{subsubsection.0.4.3.1}{Korrelation = standardisierte Kovarianz}{subsection.0.4.3}% 33
\BOOKMARK [3][-]{subsubsection.0.4.3.2}{Kovarianzmatrix}{subsection.0.4.3}% 34
\BOOKMARK [1][-]{section.0.5}{Estimation}{}% 35
\BOOKMARK [2][-]{subsection.0.5.1}{Estimation}{section.0.5}% 36
\BOOKMARK [2][-]{subsection.0.5.2}{Quality Properties of Estimators}{section.0.5}% 37
\BOOKMARK [2][-]{subsection.0.5.3}{Mean Square Error \(MSE\)}{section.0.5}% 38
\BOOKMARK [3][-]{subsubsection.0.5.3.1}{Minimum Mean Square Error \(MMSE\)}{subsection.0.5.3}% 39
\BOOKMARK [2][-]{subsection.0.5.4}{Maximum Likelihood}{section.0.5}% 40
\BOOKMARK [2][-]{subsection.0.5.5}{Uniformly Minimum Variance Unbiased \(UMVU\) Estimators \(Best unbiased estimators\)}{section.0.5}% 41
\BOOKMARK [3][-]{subsubsection.0.5.5.1}{Exponential Models}{subsection.0.5.5}% 42
\BOOKMARK [2][-]{subsection.0.5.6}{Bayes Estimation \(Conditional Mean\)}{section.0.5}% 43
\BOOKMARK [2][-]{subsection.0.5.7}{Example:}{section.0.5}% 44
\BOOKMARK [1][-]{section.0.6}{Linear Estimation}{}% 45
\BOOKMARK [2][-]{subsection.0.6.1}{Least Square Estimation \(LSE\)}{section.0.6}% 46
\BOOKMARK [2][-]{subsection.0.6.2}{Linear Minimum Mean Square Estimator \(LMMSE\)}{section.0.6}% 47
\BOOKMARK [2][-]{subsection.0.6.3}{Matched Filter Estimator \(MF\)}{section.0.6}% 48
\BOOKMARK [2][-]{subsection.0.6.4}{Example}{section.0.6}% 49
\BOOKMARK [2][-]{subsection.0.6.5}{Estimators}{section.0.6}% 50
\BOOKMARK [1][-]{section.0.7}{Gaussian Stuff}{}% 51
\BOOKMARK [2][-]{subsection.0.7.1}{Gaussian Channel}{section.0.7}% 52
\BOOKMARK [2][-]{subsection.0.7.2}{Multivariate Gaussian Distributions}{section.0.7}% 53
\BOOKMARK [2][-]{subsection.0.7.3}{Conditional Gaussian}{section.0.7}% 54
\BOOKMARK [2][-]{subsection.0.7.4}{Misc}{section.0.7}% 55
\BOOKMARK [1][-]{section.0.8}{Sequences}{}% 56
\BOOKMARK [2][-]{subsection.0.8.1}{Random Sequences}{section.0.8}% 57
\BOOKMARK [2][-]{subsection.0.8.2}{Markov Sequence Xn : \040Xn}{section.0.8}% 58
\BOOKMARK [2][-]{subsection.0.8.3}{Hidden Markov Chains}{section.0.8}% 59
\BOOKMARK [1][-]{section.0.9}{Recursive Estimation}{}% 60
\BOOKMARK [2][-]{subsection.0.9.1}{Kalman-Filter}{section.0.9}% 61
\BOOKMARK [2][-]{subsection.0.9.2}{Extended Kalman \(EKF\)}{section.0.9}% 62
\BOOKMARK [2][-]{subsection.0.9.3}{Unscented Kalman \(UKF\)}{section.0.9}% 63
\BOOKMARK [2][-]{subsection.0.9.4}{Particle-Filter}{section.0.9}% 64
\BOOKMARK [2][-]{subsection.0.9.5}{Conditional Stochastical Independence}{section.0.9}% 65
\BOOKMARK [1][-]{section.0.10}{Hypothesis Testing}{}% 66
\BOOKMARK [2][-]{subsection.0.10.1}{Definition}{section.0.10}% 67
\BOOKMARK [3][-]{subsubsection.0.10.1.1}{Design of a test}{subsection.0.10.1}% 68
\BOOKMARK [2][-]{subsection.0.10.2}{Sufficient Statistics}{section.0.10}% 69
\BOOKMARK [1][-]{section.0.11}{Tests}{}% 70
\BOOKMARK [2][-]{subsection.0.11.1}{Neyman-Pearson-Test}{section.0.11}% 71
\BOOKMARK [2][-]{subsection.0.11.2}{Bayes Test \(MAP Detector\)}{section.0.11}% 72
\BOOKMARK [2][-]{subsection.0.11.3}{Linear Alternative Tests}{section.0.11}% 73
